============================= test session starts =============================
platform win32 -- Python 3.12.10, pytest-8.4.2, pluggy-1.6.0 -- C:\Users\Xaser\AppData\Local\Programs\Python\Python312\python.exe
cachedir: .pytest_cache
rootdir: C:\Cursor\TayfaProject\EquipmentCounter
plugins: anyio-4.9.0, Faker-40.11.0, asyncio-0.26.0, base-url-2.1.0, cov-7.0.0, django-4.12.0, mock-3.15.1, playwright-0.7.2, xdist-3.8.0
asyncio: mode=Mode.STRICT, asyncio_default_fixture_loop_scope=None, asyncio_default_test_loop_scope=function
collecting ... collected 0 items

============================ no tests ran in 0.61s ============================
